[05/Jan/2020 13:08:39] "GET / HTTP/1.1" 200 26887
[05/Jan/2020 13:08:40] "GET /static/js/dashboard.js HTTP/1.1" 304 0
/usr/local/lib/python3.6/dist-packages/django/db/models/fields/__init__.py:1365: RuntimeWarning: DateTimeField Reading.post_datetime received a naive datetime (2020-01-05 00:00:00) while time zone support is active.
  RuntimeWarning)
/usr/local/lib/python3.6/dist-packages/django/db/models/fields/__init__.py:1365: RuntimeWarning: DateTimeField Reading.post_datetime received a naive datetime (2020-01-06 00:00:00) while time zone support is active.
  RuntimeWarning)
/usr/local/lib/python3.6/dist-packages/django/db/models/fields/__init__.py:1423: RuntimeWarning: DateTimeField Reading.post_datetime received a naive datetime (2020-01-01 00:00:00) while time zone support is active.
  RuntimeWarning)
/usr/local/lib/python3.6/dist-packages/django/db/models/fields/__init__.py:1423: RuntimeWarning: DateTimeField Reading.post_datetime received a naive datetime (2020-01-31 00:00:00) while time zone support is active.
  RuntimeWarning)
/usr/local/lib/python3.6/dist-packages/django/db/models/fields/__init__.py:1365: RuntimeWarning: DateTimeField Reading.post_datetime received a naive datetime (2020-01-04 00:00:00) while time zone support is active.
  RuntimeWarning)
[05/Jan/2020 13:08:42] "POST /get_yesterday_today_usage/ HTTP/1.1" 200 96
/usr/local/lib/python3.6/dist-packages/django/db/models/fields/__init__.py:1423: RuntimeWarning: DateTimeField Datalog.post_datetime received a naive datetime (2020-01-01 00:00:00) while time zone support is active.
  RuntimeWarning)
/usr/local/lib/python3.6/dist-packages/django/db/models/fields/__init__.py:1423: RuntimeWarning: DateTimeField Datalog.post_datetime received a naive datetime (2020-01-31 00:00:00) while time zone support is active.
  RuntimeWarning)
[05/Jan/2020 13:08:44] "POST /fetch_vals_period/ HTTP/1.1" 200 318
[05/Jan/2020 13:09:16] "GET /admin/ HTTP/1.1" 200 10009
[05/Jan/2020 13:09:24] "GET /admin/main/reading/ HTTP/1.1" 200 44536
[05/Jan/2020 13:09:25] "GET /admin/jsi18n/ HTTP/1.1" 200 3185
[05/Jan/2020 18:40:01] "GET / HTTP/1.1" 200 26255
[05/Jan/2020 18:40:02] "GET /static/css/extra-style.css HTTP/1.1" 304 0
[05/Jan/2020 18:40:03] "GET /media/customer_imgs/5658604-smiley-wallpaper_c5TI2D4.jpg HTTP/1.1" 304 0
[05/Jan/2020 18:40:04] "GET /static/js/dashboard.js HTTP/1.1" 304 0
[05/Jan/2020 18:40:06] "POST /get_yesterday_today_usage/ HTTP/1.1" 200 86
[05/Jan/2020 18:40:06] "POST /fetch_vals_period/ HTTP/1.1" 200 220
[05/Jan/2020 18:40:08] "GET /score_card/ HTTP/1.1" 200 25148
[05/Jan/2020 18:40:10] "POST /get_capacity_factors/ HTTP/1.1" 200 59
[05/Jan/2020 18:40:15] "GET /last_read/ HTTP/1.1" 200 41001
[05/Jan/2020 18:40:16] "GET /static/css/last_read.css HTTP/1.1" 304 0
[05/Jan/2020 18:40:16] "GET /static/js/charts-power-charts.js HTTP/1.1" 304 0
[05/Jan/2020 18:40:16] "GET /static/js/last_read.js HTTP/1.1" 304 0
Not Found: /eXpertpower/Readings/images/lastReadTitBk.gif
[05/Jan/2020 18:40:17] "GET /eXpertpower/Readings/images/lastReadTitBk.gif HTTP/1.1" 404 8711
Internal Server Error: /get_last_read/
Traceback (most recent call last):
  File "/usr/local/lib/python3.6/dist-packages/django/core/handlers/exception.py", line 35, in inner
    response = get_response(request)
  File "/usr/local/lib/python3.6/dist-packages/django/core/handlers/base.py", line 128, in _get_response
    response = self.process_exception_by_middleware(e, request)
  File "/usr/local/lib/python3.6/dist-packages/django/core/handlers/base.py", line 126, in _get_response
    response = wrapped_callback(request, *callback_args, **callback_kwargs)
  File "/home/Linux/wyre_webapp/main/views.py", line 314, in get_last_read
    device_id = Device.objects.get(id = device)
  File "/usr/local/lib/python3.6/dist-packages/django/db/models/manager.py", line 82, in manager_method
    return getattr(self.get_queryset(), name)(*args, **kwargs)
  File "/usr/local/lib/python3.6/dist-packages/django/db/models/query.py", line 394, in get
    clone = self.filter(*args, **kwargs)
  File "/usr/local/lib/python3.6/dist-packages/django/db/models/query.py", line 836, in filter
    return self._filter_or_exclude(False, *args, **kwargs)
  File "/usr/local/lib/python3.6/dist-packages/django/db/models/query.py", line 854, in _filter_or_exclude
    clone.query.add_q(Q(*args, **kwargs))
  File "/usr/local/lib/python3.6/dist-packages/django/db/models/sql/query.py", line 1252, in add_q
    clause, _ = self._add_q(q_object, self.used_aliases)
  File "/usr/local/lib/python3.6/dist-packages/django/db/models/sql/query.py", line 1276, in _add_q
    split_subq=split_subq,
  File "/usr/local/lib/python3.6/dist-packages/django/db/models/sql/query.py", line 1214, in build_filter
    condition = self.build_lookup(lookups, col, value)
  File "/usr/local/lib/python3.6/dist-packages/django/db/models/sql/query.py", line 1084, in build_lookup
    lookup = lookup_class(lhs, rhs)
  File "/usr/local/lib/python3.6/dist-packages/django/db/models/lookups.py", line 18, in __init__
    self.rhs = self.get_prep_lookup()
  File "/usr/local/lib/python3.6/dist-packages/django/db/models/lookups.py", line 68, in get_prep_lookup
    return self.lhs.output_field.get_prep_value(self.rhs)
  File "/usr/local/lib/python3.6/dist-packages/django/db/models/fields/__init__.py", line 947, in get_prep_value
    return int(value)
ValueError: invalid literal for int() with base 10: ''
[05/Jan/2020 18:40:18] "POST /get_last_read/ HTTP/1.1" 500 15914
[05/Jan/2020 18:51:34] "GET /admin/ HTTP/1.1" 200 7532
[05/Jan/2020 18:51:35] "GET /static/admin/css/dashboard.css HTTP/1.1" 200 412
[05/Jan/2020 18:51:35] "GET /static/admin/img/icon-changelink.svg HTTP/1.1" 200 380
[05/Jan/2020 18:51:35] "GET /static/admin/img/icon-addlink.svg HTTP/1.1" 200 331
[05/Jan/2020 18:51:37] "GET /static/admin/fonts/Roboto-Bold-webfont.woff HTTP/1.1" 200 82564
[05/Jan/2020 18:51:39] "GET /static/admin/fonts/Roboto-Light-webfont.woff HTTP/1.1" 200 81348
[05/Jan/2020 18:51:41] "GET /admin/main/customer/ HTTP/1.1" 200 4797
[05/Jan/2020 18:51:42] "GET /static/admin/js/jquery.init.js HTTP/1.1" 200 363
[05/Jan/2020 18:51:42] "GET /static/admin/css/changelists.css HTTP/1.1" 200 6170
[05/Jan/2020 18:51:45] "GET /static/admin/js/actions.js HTTP/1.1" 200 6502
[05/Jan/2020 18:51:46] "GET /static/admin/js/vendor/jquery/jquery.js HTTP/1.1" 200 258648
[05/Jan/2020 18:51:51] "GET /static/admin/js/core.js HTTP/1.1" 200 7134
[05/Jan/2020 18:51:53] "GET /static/admin/js/urlify.js HTTP/1.1" 200 8729
[05/Jan/2020 18:51:54] "GET /static/admin/js/vendor/xregexp/xregexp.js HTTP/1.1" 200 128820
[05/Jan/2020 18:51:56] "GET /static/admin/js/prepopulate.js HTTP/1.1" 200 1538
[05/Jan/2020 18:51:57] "GET /static/admin/js/admin/RelatedObjectLookups.js HTTP/1.1" 200 6897
[05/Jan/2020 18:52:08] "GET /admin/jsi18n/ HTTP/1.1" 200 3185
[05/Jan/2020 18:52:14] "GET /static/admin/fonts/Roboto-Light-webfont.woff HTTP/1.1" 200 81348
[05/Jan/2020 18:52:14] "GET /static/admin/img/tooltag-add.svg HTTP/1.1" 200 331
[05/Jan/2020 18:52:34] "GET /admin/main/customer/add/ HTTP/1.1" 200 7334
[05/Jan/2020 18:52:36] "GET /static/admin/css/forms.css HTTP/1.1" 200 8173
[05/Jan/2020 18:52:39] "GET /static/admin/js/change_form.js HTTP/1.1" 200 712
[05/Jan/2020 18:52:44] "GET /static/admin/css/widgets.css HTTP/1.1" 200 10340
[05/Jan/2020 18:52:45] "GET /static/admin/js/prepopulate_init.js HTTP/1.1" 200 495
[05/Jan/2020 18:52:58] "GET /admin/jsi18n/ HTTP/1.1" 200 3185
[05/Jan/2020 18:53:06] "GET /admin/auth/user/add/?_to_field=id&_popup=1 HTTP/1.1" 200 4686
[05/Jan/2020 18:53:13] "GET /admin/jsi18n/ HTTP/1.1" 200 3185
[05/Jan/2020 18:53:38] "POST /admin/auth/user/add/?_to_field=id&_popup=1 HTTP/1.1" 200 365
[05/Jan/2020 18:53:40] "GET /static/admin/js/popup_response.js HTTP/1.1" 200 569
[05/Jan/2020 18:54:35] "POST /admin/main/customer/add/ HTTP/1.1" 302 0
[05/Jan/2020 18:54:45] "GET /admin/main/customer/ HTTP/1.1" 200 5295
[05/Jan/2020 18:54:50] "GET /admin/jsi18n/ HTTP/1.1" 200 3185
[05/Jan/2020 18:54:52] "GET /static/admin/img/icon-yes.svg HTTP/1.1" 200 436
[05/Jan/2020 18:55:09] "GET / HTTP/1.1" 200 26252
[05/Jan/2020 18:55:11] "GET /media/customer_imgs/5658604-smiley-wallpaper_c5TI2D4.jpg HTTP/1.1" 304 0
[05/Jan/2020 18:55:19] "POST /fetch_vals_period/ HTTP/1.1" 200 220
[05/Jan/2020 18:55:20] "POST /get_yesterday_today_usage/ HTTP/1.1" 200 86
[05/Jan/2020 18:55:41] "GET /messaging/ HTTP/1.1" 200 21687
[05/Jan/2020 18:55:43] "GET /static/js/messaging.js HTTP/1.1" 304 0
Not Found: /media/avatar-6.jpg
[05/Jan/2020 18:55:44] "GET /media/avatar-6.jpg HTTP/1.1" 404 1786
Not Found: /media/avatar-6.jpg
Not Found: /sm/8cfffddf058dc09b67d92f8d849675e6b459dfb8ede5136cf5c98d10acf78cc3.map
[05/Jan/2020 18:56:45] "GET /media/avatar-6.jpg HTTP/1.1" 404 1786
[05/Jan/2020 18:56:45] "GET /sm/8cfffddf058dc09b67d92f8d849675e6b459dfb8ede5136cf5c98d10acf78cc3.map HTTP/1.1" 404 8789
[05/Jan/2020 18:56:57] "GET /all_customers HTTP/1.1" 301 0
[05/Jan/2020 18:59:55] "POST /fetch_messages/ HTTP/1.1" 200 155
Invalid HTTP_HOST header: 'wyreng.com'. You may need to add 'wyreng.com' to ALLOWED_HOSTS.
Invalid HTTP_HOST header: 'wyreng.com'. You may need to add 'wyreng.com' to ALLOWED_HOSTS.
[05/Jan/2020 19:06:04] "POST /fetch_messages/ HTTP/1.1" 200 155
[05/Jan/2020 19:06:42] "POST /fetch_messages/ HTTP/1.1" 200 155
[05/Jan/2020 19:07:13] "POST /fetch_messages/ HTTP/1.1" 200 155
[05/Jan/2020 19:07:14] "GET /load_datalogs HTTP/1.1" 400 58797
[05/Jan/2020 19:07:28] "GET /load_readings HTTP/1.1" 400 58798
[05/Jan/2020 19:08:03] "POST /fetch_messages/ HTTP/1.1" 200 155
[05/Jan/2020 19:09:26] "GET /all_customers/ HTTP/1.1" 200 20056
[05/Jan/2020 19:09:26] "GET / HTTP/1.1" 200 26252
[05/Jan/2020 19:10:59] "POST /fetch_messages/ HTTP/1.1" 200 155
[05/Jan/2020 19:10:59] "POST /fetch_messages/ HTTP/1.1" 200 155
[05/Jan/2020 19:10:58] "POST /fetch_messages/ HTTP/1.1" 200 155
[05/Jan/2020 19:10:59] "GET / HTTP/1.1" 200 26252
[05/Jan/2020 19:11:19] "POST /fetch_messages/ HTTP/1.1" 200 155
[05/Jan/2020 19:11:43] "POST /fetch_messages/ HTTP/1.1" 200 155
[05/Jan/2020 19:11:43] "POST /fetch_messages/ HTTP/1.1" 200 155
[05/Jan/2020 19:11:43] "POST /fetch_messages/ HTTP/1.1" 200 155
[05/Jan/2020 19:11:47] "POST /fetch_messages/ HTTP/1.1" 200 155
[06/Jan/2020 02:53:02] "GET /admin/main/device/1/change/ HTTP/1.1" 200 15346
[06/Jan/2020 02:53:03] "GET /admin/jsi18n/ HTTP/1.1" 200 3185
[06/Jan/2020 02:53:16] "GET /score_card/ HTTP/1.1" 200 25755
/usr/local/lib/python3.6/dist-packages/django/db/models/fields/__init__.py:1423: RuntimeWarning: DateTimeField Datalog.post_datetime received a naive datetime (2020-01-01 00:00:00) while time zone support is active.
  RuntimeWarning)
/usr/local/lib/python3.6/dist-packages/django/db/models/fields/__init__.py:1423: RuntimeWarning: DateTimeField Datalog.post_datetime received a naive datetime (2020-01-07 00:00:00) while time zone support is active.
  RuntimeWarning)
/usr/local/lib/python3.6/dist-packages/django/db/models/fields/__init__.py:1423: RuntimeWarning: DateTimeField Datalog.post_datetime received a naive datetime (2020-01-06 00:00:00) while time zone support is active.
  RuntimeWarning)
[06/Jan/2020 02:53:20] "POST /get_capacity_factors/ HTTP/1.1" 200 3188
Invalid HTTP_HOST header: 'wyreng.com'. You may need to add 'wyreng.com' to ALLOWED_HOSTS.
Invalid HTTP_HOST header: 'wyreng.com'. You may need to add 'wyreng.com' to ALLOWED_HOSTS.
[06/Jan/2020 03:00:02] "GET /load_readings HTTP/1.1" 400 58809
[06/Jan/2020 03:00:02] "GET /load_datalogs HTTP/1.1" 400 58809
[06/Jan/2020 03:01:01] "GET / HTTP/1.1" 200 26862
[06/Jan/2020 03:01:02] "GET /media/customer_imgs/high-resolution-spongebob-squarepants-face-wallpaper-hd-4-cartoon_k3aXFKC.jpg HTTP/1.1" 304 0
/usr/local/lib/python3.6/dist-packages/django/db/models/fields/__init__.py:1365: RuntimeWarning: DateTimeField Reading.post_datetime received a naive datetime (2020-01-06 00:00:00) while time zone support is active.
  RuntimeWarning)
/usr/local/lib/python3.6/dist-packages/django/db/models/fields/__init__.py:1365: RuntimeWarning: DateTimeField Reading.post_datetime received a naive datetime (2020-01-07 00:00:00) while time zone support is active.
  RuntimeWarning)
/usr/local/lib/python3.6/dist-packages/django/db/models/fields/__init__.py:1423: RuntimeWarning: DateTimeField Reading.post_datetime received a naive datetime (2020-01-01 00:00:00) while time zone support is active.
  RuntimeWarning)
/usr/local/lib/python3.6/dist-packages/django/db/models/fields/__init__.py:1423: RuntimeWarning: DateTimeField Reading.post_datetime received a naive datetime (2020-01-31 00:00:00) while time zone support is active.
  RuntimeWarning)
/usr/local/lib/python3.6/dist-packages/django/db/models/fields/__init__.py:1365: RuntimeWarning: DateTimeField Reading.post_datetime received a naive datetime (2020-01-05 00:00:00) while time zone support is active.
  RuntimeWarning)
/usr/local/lib/python3.6/dist-packages/django/db/models/fields/__init__.py:1423: RuntimeWarning: DateTimeField Datalog.post_datetime received a naive datetime (2020-01-31 00:00:00) while time zone support is active.
  RuntimeWarning)
[06/Jan/2020 03:01:04] "POST /get_yesterday_today_usage/ HTTP/1.1" 200 94
[06/Jan/2020 03:01:05] "POST /fetch_vals_period/ HTTP/1.1" 200 399
/usr/local/lib/python3.6/dist-packages/django/db/models/fields/__init__.py:1423: RuntimeWarning: DateTimeField Reading.post_datetime received a naive datetime (2020-01-23 00:00:00) while time zone support is active.
  RuntimeWarning)
/usr/local/lib/python3.6/dist-packages/django/db/models/fields/__init__.py:1423: RuntimeWarning: DateTimeField Datalog.post_datetime received a naive datetime (2020-01-23 00:00:00) while time zone support is active.
  RuntimeWarning)
[06/Jan/2020 03:01:12] "POST /fetch_device_vals/ HTTP/1.1" 200 386
[06/Jan/2020 03:01:15] "GET /last_read HTTP/1.1" 301 0
[06/Jan/2020 03:01:16] "GET /last_read/ HTTP/1.1" 200 41608
[06/Jan/2020 03:01:17] "GET /static/js/charts-power-charts.js HTTP/1.1" 200 4208
[06/Jan/2020 03:01:17] "GET /static/css/last_read.css HTTP/1.1" 200 10230
[06/Jan/2020 03:01:17] "GET /static/js/last_read.js HTTP/1.1" 200 7412
Not Found: /eXpertpower/Readings/images/lastReadTitBk.gif
[06/Jan/2020 03:01:17] "GET /eXpertpower/Readings/images/lastReadTitBk.gif HTTP/1.1" 404 8711
[06/Jan/2020 03:01:19] "POST /get_last_read/ HTTP/1.1" 200 3367
[06/Jan/2020 03:01:25] "POST /get_last_read/ HTTP/1.1" 200 3367
[06/Jan/2020 03:01:28] "POST /get_last_read/ HTTP/1.1" 200 3428
[06/Jan/2020 03:01:34] "GET /messaging/ HTTP/1.1" 200 22460
[06/Jan/2020 03:01:35] "GET /static/js/messaging.js HTTP/1.1" 304 0
[06/Jan/2020 03:01:35] "GET /media/customer_imgs/5658604-smiley-wallpaper_c5TI2D4.jpg HTTP/1.1" 304 0
[06/Jan/2020 03:01:36] "POST /fetch_messages/ HTTP/1.1" 200 382
[06/Jan/2020 03:01:49] "POST /fetch_messages/ HTTP/1.1" 200 382
Invalid HTTP_HOST header: 'wyreng.com'. You may need to add 'wyreng.com' to ALLOWED_HOSTS.
[06/Jan/2020 04:00:03] "GET /load_readings HTTP/1.1" 400 58809
Invalid HTTP_HOST header: 'wyreng.com'. You may need to add 'wyreng.com' to ALLOWED_HOSTS.
[06/Jan/2020 04:00:03] "GET /load_datalogs HTTP/1.1" 400 58809
[06/Jan/2020 04:40:07] "GET / HTTP/1.1" 302 0
[06/Jan/2020 04:40:07] "GET /auth/login?next=/ HTTP/1.1" 200 6254
Invalid HTTP_HOST header: 'wyreng.com'. You may need to add 'wyreng.com' to ALLOWED_HOSTS.
[06/Jan/2020 05:00:03] "GET /load_readings HTTP/1.1" 400 58809
Invalid HTTP_HOST header: 'wyreng.com'. You may need to add 'wyreng.com' to ALLOWED_HOSTS.
[06/Jan/2020 05:00:03] "GET /load_datalogs HTTP/1.1" 400 58809
[06/Jan/2020 05:05:28] "GET / HTTP/1.1" 302 0
[06/Jan/2020 05:22:53] "GET / HTTP/1.1" 302 0
Invalid HTTP_HOST header: 'wyreng.com'. You may need to add 'wyreng.com' to ALLOWED_HOSTS.
[06/Jan/2020 06:00:02] "GET /load_readings HTTP/1.1" 400 58809
Invalid HTTP_HOST header: 'wyreng.com'. You may need to add 'wyreng.com' to ALLOWED_HOSTS.
[06/Jan/2020 06:00:02] "GET /load_datalogs HTTP/1.1" 400 58809
----------------------------------------
Exception happened during processing of request from ('172.104.242.173', 44294)
Traceback (most recent call last):
  File "/usr/lib/python3.6/socketserver.py", line 654, in process_request_thread
    self.finish_request(request, client_address)
  File "/usr/lib/python3.6/socketserver.py", line 364, in finish_request
    self.RequestHandlerClass(request, client_address, self)
  File "/usr/lib/python3.6/socketserver.py", line 724, in __init__
    self.handle()
  File "/usr/local/lib/python3.6/dist-packages/django/core/servers/basehttp.py", line 139, in handle
    self.raw_requestline = self.rfile.readline(65537)
  File "/usr/lib/python3.6/socket.py", line 586, in readinto
    return self._sock.recv_into(b)
ConnectionResetError: [Errno 104] Connection reset by peer
----------------------------------------
[06/Jan/2020 08:10:34] "GET / HTTP/1.1" 302 0
[06/Jan/2020 08:10:34] "GET /auth/login?next=/ HTTP/1.1" 200 6254
[06/Jan/2020 08:10:35] "GET /static/css/swiper.css HTTP/1.1" 200 22252
[06/Jan/2020 08:10:35] "GET /static/css/login.css HTTP/1.1" 200 190
[06/Jan/2020 08:10:35] "GET /static/css/style.min.css HTTP/1.1" 200 46776
[06/Jan/2020 08:10:35] "GET /static/images/logo.svg HTTP/1.1" 200 6731
[06/Jan/2020 08:10:35] "GET /static/js/jquery-3.3.1.min.js HTTP/1.1" 200 86927
[06/Jan/2020 08:10:36] "GET /static/css/animate.css HTTP/1.1" 200 77760
[06/Jan/2020 08:10:36] "GET /static/js/menu.js HTTP/1.1" 200 3305
[06/Jan/2020 08:10:36] "GET /static/js/scrolla.jquery.min.js HTTP/1.1" 200 1126
[06/Jan/2020 08:10:36] "GET /static/js/jquery.custom.js HTTP/1.1" 200 1055
[06/Jan/2020 08:10:36] "GET /static/js/swiper.min.js HTTP/1.1" 200 120407
[06/Jan/2020 08:10:36] "GET /static/js/swiper.custom.js HTTP/1.1" 200 363
[06/Jan/2020 08:10:37] "GET /static/sweetalert/sweetalert.min.js HTTP/1.1" 200 16884
[06/Jan/2020 08:10:37] "GET /static/sweetalert/jquery.sweet-alert.custom.js HTTP/1.1" 200 2686
[06/Jan/2020 08:10:37] "GET /static/js/script.js HTTP/1.1" 200 1705
Not Found: /favicon.ico
[06/Jan/2020 08:10:38] "GET /favicon.ico HTTP/1.1" 404 8610
[06/Jan/2020 08:10:58] "POST /auth/login HTTP/1.1" 200 23
[06/Jan/2020 08:10:59] "GET / HTTP/1.1" 200 26862
[06/Jan/2020 08:10:59] "GET /static/css/daterangepicker.css HTTP/1.1" 200 8403
[06/Jan/2020 08:11:00] "GET /static/css/select2.css HTTP/1.1" 200 17090
[06/Jan/2020 08:11:00] "GET /static/css/ion.rangeSlider.min.css HTTP/1.1" 200 11084
[06/Jan/2020 08:11:00] "GET /static/css/extra-style.css HTTP/1.1" 200 4864
[06/Jan/2020 08:11:00] "GET /static/css/dashboard.min.css HTTP/1.1" 200 76757
[06/Jan/2020 08:11:00] "GET /static/images/icons/icons-24-gray/notifications.png HTTP/1.1" 200 452
[06/Jan/2020 08:11:00] "GET /static/js/chartjs-plugin-style.min.js HTTP/1.1" 200 49816
[06/Jan/2020 08:11:00] "GET /static/js/Chart.min.js HTTP/1.1" 200 158741
[06/Jan/2020 08:11:00] "GET /static/js/charts-custom-charts.js HTTP/1.1" 200 11060
[06/Jan/2020 08:11:01] "GET /static/js/daterangepicker.min.js HTTP/1.1" 200 31765
[06/Jan/2020 08:11:01] "GET /static/js/moment.min.js HTTP/1.1" 200 51465
[06/Jan/2020 08:11:01] "GET /static/js/select2.min.js HTTP/1.1" 200 70215
[06/Jan/2020 08:11:01] "GET /static/images/icons/icons-20-blue/reports.png HTTP/1.1" 200 217
[06/Jan/2020 08:11:01] "GET /static/images/icons/icons-20-light-blue/patients.png HTTP/1.1" 200 424
[06/Jan/2020 08:11:01] "GET /static/images/arrow-down.svg HTTP/1.1" 200 1148
[06/Jan/2020 08:11:02] "GET /static/images/icons/icons-20-light-blue/dashboard.png HTTP/1.1" 200 199
[06/Jan/2020 08:11:02] "GET /static/images/icons/icons-20-light-blue/messages.png HTTP/1.1" 200 358
[06/Jan/2020 08:11:02] "GET /static/images/icons/icons-20-light-blue/components.png HTTP/1.1" 200 272
[06/Jan/2020 08:11:02] "GET /static/images/icons/icons-24-gray/mobile-submenu.png HTTP/1.1" 200 205
[06/Jan/2020 08:11:02] "GET /static/images/drop-down.png HTTP/1.1" 200 160
[06/Jan/2020 08:11:02] "GET /static/images/arrow-left--blue.png HTTP/1.1" 200 155
[06/Jan/2020 08:11:02] "GET /static/images/arrow-up.svg HTTP/1.1" 200 1155
[06/Jan/2020 08:11:02] "GET /static/images/arrow-right--white.png HTTP/1.1" 200 147
[06/Jan/2020 08:11:02] "GET /static/images/icons/icons-20-blue/appointment.png HTTP/1.1" 200 258
[06/Jan/2020 08:11:03] "GET /media/customer_imgs/high-resolution-spongebob-squarepants-face-wallpaper-hd-4-cartoon_k3aXFKC.jpg HTTP/1.1" 200 28154
[06/Jan/2020 08:11:03] "GET /static/images/arrow-right--blue.png HTTP/1.1" 200 163
[06/Jan/2020 08:11:03] "GET /static/js/ion.rangeSlider.min.js HTTP/1.1" 200 41127
[06/Jan/2020 08:11:03] "GET /static/js/jquery.dashboard-custom.js HTTP/1.1" 200 9826
[06/Jan/2020 08:11:03] "GET /static/js/tippy1.js HTTP/1.1" 200 21256
[06/Jan/2020 08:11:03] "GET /static/js/tippy5.js HTTP/1.1" 200 23583
[06/Jan/2020 08:11:03] "GET /static/js/dashboard.js HTTP/1.1" 200 7570
[06/Jan/2020 08:11:03] "GET /static/images/arrow-right--gray.png HTTP/1.1" 200 194
[06/Jan/2020 08:11:05] "POST /get_yesterday_today_usage/ HTTP/1.1" 200 94
[06/Jan/2020 08:11:06] "POST /fetch_vals_period/ HTTP/1.1" 200 399
[06/Jan/2020 08:11:19] "GET /score_card HTTP/1.1" 301 0
[06/Jan/2020 08:11:20] "GET /score_card/ HTTP/1.1" 200 25755
[06/Jan/2020 08:11:20] "GET /static/scss/scoreCards.css HTTP/1.1" 200 7250
[06/Jan/2020 08:11:20] "GET /static/js/by_ini/baseline-donut.js HTTP/1.1" 200 22992
[06/Jan/2020 08:11:21] "GET /static/js/by_ini/capacity-donut1.js HTTP/1.1" 200 627
[06/Jan/2020 08:11:21] "GET /static/js/by_ini/felf-donut.js HTTP/1.1" 200 622
[06/Jan/2020 08:11:21] "GET /static/js/by_ini/capacity-donut2.js HTTP/1.1" 200 623
[06/Jan/2020 08:11:21] "GET /static/js/by_ini/carbon-donut.js HTTP/1.1" 200 593
[06/Jan/2020 08:11:21] "GET /static/images/history.svg HTTP/1.1" 200 786
[06/Jan/2020 08:11:21] "GET /static/js/by_ini/tooltip.js HTTP/1.1" 200 3231
[06/Jan/2020 08:11:21] "GET /static/js/by_ini/random-donut.js HTTP/1.1" 200 626
[06/Jan/2020 08:11:25] "POST /get_capacity_factors/ HTTP/1.1" 200 3191
[06/Jan/2020 08:36:34] "POST /fetch_messages/ HTTP/1.1" 200 382
[06/Jan/2020 08:36:35] "POST /fetch_messages/ HTTP/1.1" 200 382
[06/Jan/2020 08:36:46] "POST /fetch_messages/ HTTP/1.1" 200 382
[06/Jan/2020 08:36:55] "POST /fetch_messages/ HTTP/1.1" 200 382
[06/Jan/2020 08:37:06] "POST /fetch_messages/ HTTP/1.1" 200 382
[06/Jan/2020 08:37:16] "POST /fetch_messages/ HTTP/1.1" 200 382
[06/Jan/2020 08:37:25] "POST /fetch_messages/ HTTP/1.1" 200 382
[06/Jan/2020 08:37:36] "POST /fetch_messages/ HTTP/1.1" 200 382
[06/Jan/2020 08:37:46] "POST /fetch_messages/ HTTP/1.1" 200 382
[06/Jan/2020 08:37:55] "POST /fetch_messages/ HTTP/1.1" 200 382
[06/Jan/2020 08:38:06] "POST /fetch_messages/ HTTP/1.1" 200 382
[06/Jan/2020 08:38:15] "POST /fetch_messages/ HTTP/1.1" 200 382
[06/Jan/2020 08:38:26] "POST /fetch_messages/ HTTP/1.1" 200 382
[06/Jan/2020 08:38:35] "POST /fetch_messages/ HTTP/1.1" 200 382
[06/Jan/2020 08:38:46] "POST /fetch_messages/ HTTP/1.1" 200 382
[06/Jan/2020 08:38:55] "POST /fetch_messages/ HTTP/1.1" 200 382
[06/Jan/2020 08:39:06] "POST /fetch_messages/ HTTP/1.1" 200 382
[06/Jan/2020 08:39:16] "POST /fetch_messages/ HTTP/1.1" 200 382
[06/Jan/2020 08:39:27] "POST /fetch_messages/ HTTP/1.1" 200 382
[06/Jan/2020 08:39:36] "POST /fetch_messages/ HTTP/1.1" 200 382
[06/Jan/2020 08:39:45] "POST /fetch_messages/ HTTP/1.1" 200 382
[06/Jan/2020 08:39:56] "POST /fetch_messages/ HTTP/1.1" 200 382
[06/Jan/2020 08:40:06] "POST /fetch_messages/ HTTP/1.1" 200 382
[06/Jan/2020 08:40:16] "POST /fetch_messages/ HTTP/1.1" 200 382
[06/Jan/2020 08:40:26] "POST /fetch_messages/ HTTP/1.1" 200 382
[06/Jan/2020 08:40:36] "POST /fetch_messages/ HTTP/1.1" 200 382
[06/Jan/2020 08:40:46] "POST /fetch_messages/ HTTP/1.1" 200 382
[06/Jan/2020 08:40:55] "POST /fetch_messages/ HTTP/1.1" 200 382
[06/Jan/2020 08:41:06] "POST /fetch_messages/ HTTP/1.1" 200 382
[06/Jan/2020 08:41:16] "POST /fetch_messages/ HTTP/1.1" 200 382
[06/Jan/2020 08:41:25] "POST /fetch_messages/ HTTP/1.1" 200 382
[06/Jan/2020 08:41:36] "POST /fetch_messages/ HTTP/1.1" 200 382
[06/Jan/2020 08:41:45] "POST /fetch_messages/ HTTP/1.1" 200 382
[06/Jan/2020 08:41:56] "POST /fetch_messages/ HTTP/1.1" 200 382
[06/Jan/2020 08:42:05] "POST /fetch_messages/ HTTP/1.1" 200 382
[06/Jan/2020 08:42:06] "GET / HTTP/1.1" 200 26862
[06/Jan/2020 08:42:07] "GET /static/css/daterangepicker.css HTTP/1.1" 304 0
[06/Jan/2020 08:42:07] "GET /static/css/select2.css HTTP/1.1" 304 0
[06/Jan/2020 08:42:07] "GET /static/css/dashboard.min.css HTTP/1.1" 304 0
[06/Jan/2020 08:42:07] "GET /static/css/extra-style.css HTTP/1.1" 304 0
[06/Jan/2020 08:42:07] "GET /static/images/logo.svg HTTP/1.1" 304 0
[06/Jan/2020 08:42:07] "GET /media/customer_imgs/high-resolution-spongebob-squarepants-face-wallpaper-hd-4-cartoon_k3aXFKC.jpg HTTP/1.1" 304 0
[06/Jan/2020 08:42:08] "GET /static/js/Chart.min.js HTTP/1.1" 304 0
[06/Jan/2020 08:42:08] "GET /static/js/charts-custom-charts.js HTTP/1.1" 304 0
[06/Jan/2020 08:42:08] "GET /static/js/chartjs-plugin-style.min.js HTTP/1.1" 304 0
[06/Jan/2020 08:42:08] "GET /static/sweetalert/jquery.sweet-alert.custom.js HTTP/1.1" 304 0
[06/Jan/2020 08:42:08] "GET /static/js/moment.min.js HTTP/1.1" 304 0
[06/Jan/2020 08:42:08] "GET /static/js/jquery-3.3.1.min.js HTTP/1.1" 304 0
[06/Jan/2020 08:42:09] "GET /static/js/ion.rangeSlider.min.js HTTP/1.1" 304 0
[06/Jan/2020 08:42:09] "GET /static/js/daterangepicker.min.js HTTP/1.1" 304 0
[06/Jan/2020 08:42:09] "GET /static/js/jquery.dashboard-custom.js HTTP/1.1" 304 0
[06/Jan/2020 08:42:09] "GET /static/js/dashboard.js HTTP/1.1" 304 0
[06/Jan/2020 08:42:09] "GET /static/js/tippy5.js HTTP/1.1" 304 0
[06/Jan/2020 08:42:09] "GET /static/js/tippy1.js HTTP/1.1" 304 0
[06/Jan/2020 08:42:10] "POST /get_yesterday_today_usage/ HTTP/1.1" 200 95
[06/Jan/2020 08:42:11] "POST /fetch_vals_period/ HTTP/1.1" 200 412
[06/Jan/2020 08:42:16] "GET /score_card/ HTTP/1.1" 200 25755
[06/Jan/2020 08:42:17] "GET /static/js/by_ini/baseline-donut.js HTTP/1.1" 304 0
[06/Jan/2020 08:42:17] "GET /static/js/by_ini/capacity-donut1.js HTTP/1.1" 304 0
[06/Jan/2020 08:42:17] "GET /static/js/by_ini/capacity-donut2.js HTTP/1.1" 304 0
[06/Jan/2020 08:42:17] "GET /static/js/by_ini/felf-donut.js HTTP/1.1" 304 0
[06/Jan/2020 08:42:17] "GET /static/js/by_ini/carbon-donut.js HTTP/1.1" 304 0
[06/Jan/2020 08:42:17] "GET /static/images/history.svg HTTP/1.1" 304 0
[06/Jan/2020 08:42:18] "GET /static/js/by_ini/random-donut.js HTTP/1.1" 304 0
[06/Jan/2020 08:42:18] "GET /static/js/by_ini/tooltip.js HTTP/1.1" 304 0
[06/Jan/2020 08:42:21] "POST /get_capacity_factors/ HTTP/1.1" 200 3189
[06/Jan/2020 08:44:05] "POST /fetch_vals_period/ HTTP/1.1" 200 412
[06/Jan/2020 08:44:05] "POST /get_yesterday_today_usage/ HTTP/1.1" 200 95
[06/Jan/2020 08:44:09] "GET /view_profile/ HTTP/1.1" 200 27840
[06/Jan/2020 08:44:10] "GET /static/css/ini/customerProfile.css HTTP/1.1" 304 0
[06/Jan/2020 08:44:10] "GET /static/js/profile_view.js HTTP/1.1" 304 0
[06/Jan/2020 08:47:08] "GET / HTTP/1.1" 200 26862
[06/Jan/2020 08:47:10] "POST /fetch_vals_period/ HTTP/1.1" 200 412
[06/Jan/2020 08:47:10] "POST /get_yesterday_today_usage/ HTTP/1.1" 200 95
[06/Jan/2020 08:47:33] "POST /get_capacity_factors/ HTTP/1.1" 200 3190
[06/Jan/2020 08:47:35] "GET /score_card/ HTTP/1.1" 200 25755
[06/Jan/2020 08:47:40] "POST /get_capacity_factors/ HTTP/1.1" 200 3190
[06/Jan/2020 08:47:44] "GET /score_card/ HTTP/1.1" 200 25755
[06/Jan/2020 08:47:48] "POST /get_capacity_factors/ HTTP/1.1" 200 3190
[06/Jan/2020 08:48:15] "GET / HTTP/1.1" 302 0
[06/Jan/2020 08:48:15] "GET /auth/login?next=/ HTTP/1.1" 200 6254
[06/Jan/2020 08:48:16] "GET /static/css/swiper.css HTTP/1.1" 200 22252
[06/Jan/2020 08:48:16] "GET /static/css/login.css HTTP/1.1" 200 190
[06/Jan/2020 08:48:16] "GET /static/images/logo.svg HTTP/1.1" 200 6731
[06/Jan/2020 08:48:16] "GET /static/css/style.min.css HTTP/1.1" 200 46776
[06/Jan/2020 08:48:16] "GET /static/css/animate.css HTTP/1.1" 200 77760
[06/Jan/2020 08:48:16] "GET /static/js/jquery-3.3.1.min.js HTTP/1.1" 200 86927
[06/Jan/2020 08:48:17] "GET /static/js/scrolla.jquery.min.js HTTP/1.1" 200 1126
[06/Jan/2020 08:48:17] "GET /static/js/menu.js HTTP/1.1" 200 3305
[06/Jan/2020 08:48:17] "GET /static/js/jquery.custom.js HTTP/1.1" 200 1055
[06/Jan/2020 08:48:17] "GET /static/js/swiper.custom.js HTTP/1.1" 200 363
[06/Jan/2020 08:48:17] "GET /static/js/swiper.min.js HTTP/1.1" 200 120407
[06/Jan/2020 08:48:17] "GET /static/images/checked--white.png HTTP/1.1" 200 170
[06/Jan/2020 08:48:17] "GET /static/sweetalert/sweetalert.min.js HTTP/1.1" 200 16884
[06/Jan/2020 08:48:17] "GET /static/sweetalert/jquery.sweet-alert.custom.js HTTP/1.1" 200 2686
[06/Jan/2020 08:48:18] "GET /static/js/script.js HTTP/1.1" 200 1705
Not Found: /favicon.ico
[06/Jan/2020 08:48:19] "GET /favicon.ico HTTP/1.1" 404 8610
[06/Jan/2020 08:48:32] "POST /auth/login HTTP/1.1" 200 23
[06/Jan/2020 08:48:33] "GET / HTTP/1.1" 200 26252
[06/Jan/2020 08:48:34] "GET /static/css/select2.css HTTP/1.1" 200 17090
[06/Jan/2020 08:48:34] "GET /static/css/ion.rangeSlider.min.css HTTP/1.1" 200 11084
[06/Jan/2020 08:48:34] "GET /static/css/daterangepicker.css HTTP/1.1" 200 8403
[06/Jan/2020 08:48:34] "GET /static/css/extra-style.css HTTP/1.1" 200 4864
[06/Jan/2020 08:48:34] "GET /static/css/dashboard.min.css HTTP/1.1" 200 76757
[06/Jan/2020 08:48:34] "GET /static/images/icons/icons-24-gray/notifications.png HTTP/1.1" 200 452
[06/Jan/2020 08:48:34] "GET /media/customer_imgs/5658604-smiley-wallpaper_c5TI2D4.jpg HTTP/1.1" 200 16361
[06/Jan/2020 08:48:35] "GET /static/js/Chart.min.js HTTP/1.1" 200 158741
[06/Jan/2020 08:48:36] "GET /static/js/chartjs-plugin-style.min.js HTTP/1.1" 200 49816
[06/Jan/2020 08:48:36] "GET /static/images/icons/icons-20-blue/appointment.png HTTP/1.1" 200 258
[06/Jan/2020 08:48:36] "GET /static/images/icons/icons-20-light-blue/components.png HTTP/1.1" 200 272
[06/Jan/2020 08:48:36] "GET /static/images/arrow-down.svg HTTP/1.1" 200 1148
[06/Jan/2020 08:48:36] "GET /static/images/arrow-right--white.png HTTP/1.1" 200 147
[06/Jan/2020 08:48:36] "GET /static/images/icons/icons-20-light-blue/messages.png HTTP/1.1" 200 358
[06/Jan/2020 08:48:36] "GET /static/images/icons/icons-20-light-blue/dashboard.png HTTP/1.1" 200 199
[06/Jan/2020 08:48:36] "GET /static/images/drop-down.png HTTP/1.1" 200 160
[06/Jan/2020 08:48:37] "GET /static/images/arrow-up.svg HTTP/1.1" 200 1155
[06/Jan/2020 08:48:37] "GET /static/images/icons/icons-20-blue/reports.png HTTP/1.1" 200 217
[06/Jan/2020 08:48:37] "GET /static/images/arrow-left--blue.png HTTP/1.1" 200 155
[06/Jan/2020 08:48:37] "GET /static/js/charts-custom-charts.js HTTP/1.1" 200 11060
[06/Jan/2020 08:48:37] "GET /static/js/daterangepicker.min.js HTTP/1.1" 200 31765
[06/Jan/2020 08:48:37] "GET /static/js/moment.min.js HTTP/1.1" 200 51465
[06/Jan/2020 08:48:38] "GET /static/js/select2.min.js HTTP/1.1" 200 70215
[06/Jan/2020 08:48:38] "GET /static/images/arrow-right--blue.png HTTP/1.1" 200 163
[06/Jan/2020 08:48:38] "GET /static/js/ion.rangeSlider.min.js HTTP/1.1" 200 41127
[06/Jan/2020 08:48:38] "GET /static/js/jquery.dashboard-custom.js HTTP/1.1" 200 9826
[06/Jan/2020 08:48:39] "GET /static/js/tippy5.js HTTP/1.1" 200 23583
[06/Jan/2020 08:48:39] "GET /static/js/dashboard.js HTTP/1.1" 200 7570
[06/Jan/2020 08:48:39] "GET /static/js/tippy1.js HTTP/1.1" 200 21256
[06/Jan/2020 08:48:39] "GET /static/images/icons/icons-24-gray/mobile-submenu.png HTTP/1.1" 200 205
[06/Jan/2020 08:48:39] "GET /static/images/arrow-right--gray.png HTTP/1.1" 200 194
[06/Jan/2020 08:48:41] "POST /get_yesterday_today_usage/ HTTP/1.1" 200 86
[06/Jan/2020 08:48:41] "POST /fetch_vals_period/ HTTP/1.1" 200 220
[06/Jan/2020 08:49:20] "GET / HTTP/1.1" 200 26862
[06/Jan/2020 08:49:21] "GET /static/css/daterangepicker.css HTTP/1.1" 304 0
[06/Jan/2020 08:49:21] "GET /static/js/Chart.min.js HTTP/1.1" 304 0
[06/Jan/2020 08:49:21] "GET /static/css/dashboard.min.css HTTP/1.1" 304 0
[06/Jan/2020 08:49:21] "GET /static/css/select2.css HTTP/1.1" 304 0
[06/Jan/2020 08:49:21] "GET /static/css/extra-style.css HTTP/1.1" 304 0
[06/Jan/2020 08:49:21] "GET /static/js/chartjs-plugin-style.min.js HTTP/1.1" 304 0
[06/Jan/2020 08:49:22] "GET /static/js/charts-custom-charts.js HTTP/1.1" 304 0
[06/Jan/2020 08:49:22] "GET /static/js/jquery-3.3.1.min.js HTTP/1.1" 304 0
[06/Jan/2020 08:49:22] "GET /static/sweetalert/jquery.sweet-alert.custom.js HTTP/1.1" 304 0
[06/Jan/2020 08:49:22] "GET /static/js/daterangepicker.min.js HTTP/1.1" 304 0
[06/Jan/2020 08:49:22] "GET /static/js/tippy5.js HTTP/1.1" 304 0
[06/Jan/2020 08:49:22] "GET /static/js/ion.rangeSlider.min.js HTTP/1.1" 304 0
[06/Jan/2020 08:49:22] "GET /static/js/jquery.dashboard-custom.js HTTP/1.1" 304 0
[06/Jan/2020 08:49:22] "GET /static/js/moment.min.js HTTP/1.1" 304 0
[06/Jan/2020 08:49:22] "GET /static/js/tippy1.js HTTP/1.1" 304 0
[06/Jan/2020 08:49:22] "GET /static/js/dashboard.js HTTP/1.1" 304 0
[06/Jan/2020 08:49:23] "GET /static/images/logo.svg HTTP/1.1" 200 6731
[06/Jan/2020 08:49:23] "POST /fetch_vals_period/ HTTP/1.1" 200 412
[06/Jan/2020 08:49:24] "POST /get_yesterday_today_usage/ HTTP/1.1" 200 95
[06/Jan/2020 09:16:01] "GET / HTTP/1.1" 302 0
[06/Jan/2020 09:17:34] "GET / HTTP/1.1" 200 26252
[06/Jan/2020 09:17:35] "POST /get_yesterday_today_usage/ HTTP/1.1" 200 86
[06/Jan/2020 09:17:35] "POST /fetch_vals_period/ HTTP/1.1" 200 220
[06/Jan/2020 09:17:46] "GET / HTTP/1.1" 200 26862
[06/Jan/2020 09:17:48] "POST /get_yesterday_today_usage/ HTTP/1.1" 200 95
[06/Jan/2020 09:17:49] "POST /fetch_vals_period/ HTTP/1.1" 200 412
Not Found: /TP/public/index.php
[06/Jan/2020 09:26:23] "GET /TP/public/index.php HTTP/1.1" 404 8633
Not Found: /TP/index.php
[06/Jan/2020 09:26:24] "GET /TP/index.php HTTP/1.1" 404 8612
Not Found: /thinkphp/html/public/index.php
[06/Jan/2020 09:26:24] "GET /thinkphp/html/public/index.php HTTP/1.1" 404 8666
Not Found: /html/public/index.php
[06/Jan/2020 09:26:25] "GET /html/public/index.php HTTP/1.1" 404 8639
Not Found: /public/index.php
[06/Jan/2020 09:26:26] "GET /public/index.php HTTP/1.1" 404 8624
Not Found: /TP/html/public/index.php
[06/Jan/2020 09:26:27] "GET /TP/html/public/index.php HTTP/1.1" 404 8648
Not Found: /elrekt.php
[06/Jan/2020 09:26:27] "GET /elrekt.php HTTP/1.1" 404 8606
Not Found: /index.php
[06/Jan/2020 09:26:27] "GET /index.php HTTP/1.1" 404 8603
[06/Jan/2020 09:26:29] "GET / HTTP/1.1" 302 0
[06/Jan/2020 09:26:29] "GET /auth/login?next=/ HTTP/1.1" 200 6254
